[     223ms] [LOG] [Fast Refresh] rebuilding @ http://localhost:3000/_next/static/chunks/node_modules_next_dist_4b2403f5._.js:2294
[    1471ms] [LOG] [Fast Refresh] done in 1359ms @ http://localhost:3000/_next/static/chunks/node_modules_next_dist_4b2403f5._.js:2294
[    4097ms] [INFO] %cDownload the React DevTools for a better development experience: https://react.dev/link/react-devtools font-weight:bold @ http://localhost:3000/_next/static/chunks/node_modules_next_dist_4b2403f5._.js:2294
[    4328ms] [LOG] [HMR] connected @ http://localhost:3000/_next/static/chunks/node_modules_next_dist_4b2403f5._.js:2294
[    5096ms] [LOG] [Fast Refresh] rebuilding @ http://localhost:3000/_next/static/chunks/node_modules_next_dist_4b2403f5._.js:2294
[    5188ms] [LOG] [Fast Refresh] done in 201ms @ http://localhost:3000/_next/static/chunks/node_modules_next_dist_4b2403f5._.js:2294
[   62632ms] [LOG] [Fast Refresh] rebuilding @ http://localhost:3000/_next/static/chunks/node_modules_next_dist_4b2403f5._.js:2294
[   67141ms] [LOG] [Fast Refresh] done in 4617ms @ http://localhost:3000/_next/static/chunks/node_modules_next_dist_4b2403f5._.js:2294
[   70936ms] [LOG] [Fast Refresh] rebuilding @ http://localhost:3000/_next/static/chunks/node_modules_next_dist_4b2403f5._.js:2294
[   72219ms] [LOG] [Fast Refresh] done in 1396ms @ http://localhost:3000/_next/static/chunks/node_modules_next_dist_4b2403f5._.js:2294
[   75393ms] [LOG] [Fast Refresh] rebuilding @ http://localhost:3000/_next/static/chunks/node_modules_next_dist_4b2403f5._.js:2294
[   83887ms] [LOG] [Fast Refresh] done in 8597ms @ http://localhost:3000/_next/static/chunks/node_modules_next_dist_4b2403f5._.js:2294
[  131284ms] [LOG] [Fast Refresh] rebuilding @ http://localhost:3000/_next/static/chunks/node_modules_next_dist_4b2403f5._.js:2294
[  132224ms] [LOG] [Fast Refresh] done in 1046ms @ http://localhost:3000/_next/static/chunks/node_modules_next_dist_4b2403f5._.js:2294
[  132420ms] [LOG] [Fast Refresh] rebuilding @ http://localhost:3000/_next/static/chunks/node_modules_next_dist_4b2403f5._.js:2294
[  136459ms] [LOG] [Fast Refresh] done in 4152ms @ http://localhost:3000/_next/static/chunks/node_modules_next_dist_4b2403f5._.js:2294
[  136580ms] [LOG] [Fast Refresh] rebuilding @ http://localhost:3000/_next/static/chunks/node_modules_next_dist_4b2403f5._.js:2294
[  136588ms] [LOG] [Fast Refresh] done in 116ms @ http://localhost:3000/_next/static/chunks/node_modules_next_dist_4b2403f5._.js:2294
[  146511ms] [LOG] [Fast Refresh] rebuilding @ http://localhost:3000/_next/static/chunks/node_modules_next_dist_4b2403f5._.js:2294
[  146656ms] [LOG] [Fast Refresh] done in 248ms @ http://localhost:3000/_next/static/chunks/node_modules_next_dist_4b2403f5._.js:2294
[  146777ms] [LOG] [Fast Refresh] rebuilding @ http://localhost:3000/_next/static/chunks/node_modules_next_dist_4b2403f5._.js:2294
[  148410ms] [LOG] [Fast Refresh] done in 1741ms @ http://localhost:3000/_next/static/chunks/node_modules_next_dist_4b2403f5._.js:2294
[  157917ms] [LOG] [Fast Refresh] rebuilding @ http://localhost:3000/_next/static/chunks/node_modules_next_dist_4b2403f5._.js:2294
[  159588ms] [LOG] [Fast Refresh] done in 1781ms @ http://localhost:3000/_next/static/chunks/node_modules_next_dist_4b2403f5._.js:2294
[  159742ms] [LOG] [Fast Refresh] rebuilding @ http://localhost:3000/_next/static/chunks/node_modules_next_dist_4b2403f5._.js:2294
[  159790ms] [LOG] [Fast Refresh] done in 163ms @ http://localhost:3000/_next/static/chunks/node_modules_next_dist_4b2403f5._.js:2294
[  179971ms] [LOG] [Fast Refresh] rebuilding @ http://localhost:3000/_next/static/chunks/node_modules_next_dist_4b2403f5._.js:2294
[  184643ms] [LOG] [Fast Refresh] done in 4781ms @ http://localhost:3000/_next/static/chunks/node_modules_next_dist_4b2403f5._.js:2294
[  189012ms] [LOG] [Fast Refresh] rebuilding @ http://localhost:3000/_next/static/chunks/node_modules_next_dist_4b2403f5._.js:2294
[  191638ms] [LOG] [Fast Refresh] done in 2523ms @ http://localhost:3000/_next/static/chunks/node_modules_next_dist_4b2403f5._.js:2294
